<?xml version="1.0" encoding="UTF-8"?>
<testsuite xmlns:xsi="http://www.w3.org/2001/XMLSchema-instance" xsi:noNamespaceSchemaLocation="https://maven.apache.org/surefire/maven-surefire-plugin/xsd/surefire-test-report.xsd" name="it.polimi.ingsw.MarketTrayTest" time="0.161" tests="8" errors="0" skipped="0" failures="0">
  <properties>
[...]
</properties>
  <testcase name="unPainting" classname="it.polimi.ingsw.MarketTrayTest" time="0.015"/>
  <testcase name="outOfBound" classname="it.polimi.ingsw.MarketTrayTest" time="0.019"/>
  <testcase name="readingDimensions" classname="it.polimi.ingsw.MarketTrayTest" time="0.016"/>
  <testcase name="pushCol" classname="it.polimi.ingsw.MarketTrayTest" time="0.023"/>
  <testcase name="pushRow" classname="it.polimi.ingsw.MarketTrayTest" time="0.019"/>
  <testcase name="flushBufferTest" classname="it.polimi.ingsw.MarketTrayTest" time="0.02"/>
  <testcase name="viewTray" classname="it.polimi.ingsw.MarketTrayTest" time="0.026"/>
  <testcase name="testMarblePainting" classname="it.polimi.ingsw.MarketTrayTest" time="0.02"/>
</testsuite>